<?xml version="1.0" encoding="UTF-8"?>
<testsuite xmlns:xsi="http://www.w3.org/2001/XMLSchema-instance" xsi:noNamespaceSchemaLocation="https://maven.apache.org/surefire/maven-surefire-plugin/xsd/surefire-test-report.xsd" name="model.OddQHexCoordTests" time="0.001" tests="2" errors="0" skipped="0" failures="0">
  <properties>
    <property name="java.specification.version" value="16"/>
    <property name="sun.cpu.isalist" value="amd64"/>
    <property name="sun.jnu.encoding" value="Cp1252"/>
    <property name="java.class.path" value="C:\Users\Nathan\Documents\X4 Map Generator\RandomGalaxyTool\target\test-classes;C:\Users\Nathan\Documents\X4 Map Generator\RandomGalaxyTool\target\classes;C:\Users\Nathan\.m2\repository\com\fasterxml\jackson\core\jackson-core\2.13.0-rc2\jackson-core-2.13.0-rc2.jar;C:\Users\Nathan\.m2\repository\com\fasterxml\jackson\module\jackson-module-jsonSchema\2.13.0-rc2\jackson-module-jsonSchema-2.13.0-rc2.jar;C:\Users\Nathan\.m2\repository\com\fasterxml\jackson\core\jackson-annotations\2.11.4\jackson-annotations-2.11.4.jar;C:\Users\Nathan\.m2\repository\com\fasterxml\jackson\core\jackson-databind\2.11.4\jackson-databind-2.11.4.jar;C:\Users\Nathan\.m2\repository\javax\validation\validation-api\2.0.1.Final\validation-api-2.0.1.Final.jar;C:\Users\Nathan\.m2\repository\org\freemarker\freemarker\2.3.31\freemarker-2.3.31.jar;C:\Users\Nathan\.m2\repository\org\apache\commons\commons-math3\3.6.1\commons-math3-3.6.1.jar;C:\Users\Nathan\.m2\repository\org\vaadin\olli\file-download-wrapper\3.0.1\file-download-wrapper-3.0.1.jar;C:\Users\Nathan\.m2\repository\com\vaadin\vaadin-core\20.0.7\vaadin-core-20.0.7.jar;C:\Users\Nathan\.m2\repository\com\vaadin\flow-server\7.0.7\flow-server-7.0.7.jar;C:\Users\Nathan\.m2\repository\javax\annotation\javax.annotation-api\1.3.2\javax.annotation-api-1.3.2.jar;C:\Users\Nathan\.m2\repository\com\vaadin\external\gwt\gwt-elemental\2.8.2.vaadin2\gwt-elemental-2.8.2.vaadin2.jar;C:\Users\Nathan\.m2\repository\commons-fileupload\commons-fileupload\1.3.3\commons-fileupload-1.3.3.jar;C:\Users\Nathan\.m2\repository\com\helger\ph-css\6.1.1\ph-css-6.1.1.jar;C:\Users\Nathan\.m2\repository\com\helger\ph-commons\9.1.2\ph-commons-9.1.2.jar;C:\Users\Nathan\.m2\repository\com\vaadin\external\gentyref\1.2.0.vaadin1\gentyref-1.2.0.vaadin1.jar;C:\Users\Nathan\.m2\repository\com\vaadin\fusion-endpoint\7.0.7\fusion-endpoint-7.0.7.jar;C:\Users\Nathan\.m2\repository\com\github\javaparser\javaparser-symbol-solver-core\3.15.1\javaparser-symbol-solver-core-3.15.1.jar;C:\Users\Nathan\.m2\repository\com\github\javaparser\javaparser-symbol-solver-logic\3.15.1\javaparser-symbol-solver-logic-3.15.1.jar;C:\Users\Nathan\.m2\repository\com\github\javaparser\javaparser-symbol-solver-model\3.15.1\javaparser-symbol-solver-model-3.15.1.jar;C:\Users\Nathan\.m2\repository\com\github\javaparser\javaparser-core\3.15.1\javaparser-core-3.15.1.jar;C:\Users\Nathan\.m2\repository\io\swagger\codegen\v3\swagger-codegen\3.0.2\swagger-codegen-3.0.2.jar;C:\Users\Nathan\.m2\repository\io\swagger\core\v3\swagger-models\2.0.4\swagger-models-2.0.4.jar;C:\Users\Nathan\.m2\repository\io\swagger\swagger-parser\1.0.39\swagger-parser-1.0.39.jar;C:\Users\Nathan\.m2\repository\io\swagger\swagger-core\1.5.21\swagger-core-1.5.21.jar;C:\Users\Nathan\.m2\repository\io\swagger\swagger-models\1.5.21\swagger-models-1.5.21.jar;C:\Users\Nathan\.m2\repository\io\swagger\swagger-annotations\1.5.21\swagger-annotations-1.5.21.jar;C:\Users\Nathan\.m2\repository\io\swagger\core\v3\swagger-core\2.0.4\swagger-core-2.0.4.jar;C:\Users\Nathan\.m2\repository\com\fasterxml\jackson\dataformat\jackson-dataformat-yaml\2.11.4\jackson-dataformat-yaml-2.11.4.jar;C:\Users\Nathan\.m2\repository\io\swagger\core\v3\swagger-annotations\2.0.4\swagger-annotations-2.0.4.jar;C:\Users\Nathan\.m2\repository\io\swagger\parser\v3\swagger-parser-core\2.0.5\swagger-parser-core-2.0.5.jar;C:\Users\Nathan\.m2\repository\io\swagger\parser\v3\swagger-parser-v3\2.0.5\swagger-parser-v3-2.0.5.jar;C:\Users\Nathan\.m2\repository\io\swagger\parser\v3\swagger-parser\2.0.5\swagger-parser-2.0.5.jar;C:\Users\Nathan\.m2\repository\io\swagger\parser\v3\swagger-parser-v2-converter\2.0.5\swagger-parser-v2-converter-2.0.5.jar;C:\Users\Nathan\.m2\repository\io\swagger\swagger-codegen\2.3.1\swagger-codegen-2.3.1.jar;C:\Users\Nathan\.m2\repository\io\swagger\swagger-compat-spec-parser\1.0.33\swagger-compat-spec-parser-1.0.33.jar;C:\Users\Nathan\.m2\repository\com\github\java-json-tools\json-schema-validator\2.2.8\json-schema-validator-2.2.8.jar;C:\Users\Nathan\.m2\repository\com\github\java-json-tools\json-schema-core\1.2.8\json-schema-core-1.2.8.jar;C:\Users\Nathan\.m2\repository\com\github\fge\uri-template\0.9\uri-template-0.9.jar;C:\Users\Nathan\.m2\repository\joda-time\joda-time\2.9.7\joda-time-2.9.7.jar;C:\Users\Nathan\.m2\repository\com\googlecode\libphonenumber\libphonenumber\8.0.0\libphonenumber-8.0.0.jar;C:\Users\Nathan\.m2\repository\net\sf\jopt-simple\jopt-simple\5.0.3\jopt-simple-5.0.3.jar;C:\Users\Nathan\.m2\repository\com\github\fge\json-patch\1.6\json-patch-1.6.jar;C:\Users\Nathan\.m2\repository\com\github\fge\jackson-coreutils\1.6\jackson-coreutils-1.6.jar;C:\Users\Nathan\.m2\repository\com\github\fge\msg-simple\1.1\msg-simple-1.1.jar;C:\Users\Nathan\.m2\repository\com\github\fge\btf\1.2\btf-1.2.jar;C:\Users\Nathan\.m2\repository\com\samskivert\jmustache\1.15\jmustache-1.15.jar;C:\Users\Nathan\.m2\repository\org\slf4j\slf4j-ext\1.7.30\slf4j-ext-1.7.30.jar;C:\Users\Nathan\.m2\repository\commons-cli\commons-cli\1.2\commons-cli-1.2.jar;C:\Users\Nathan\.m2\repository\com\github\jknack\handlebars\4.0.6\handlebars-4.0.6.jar;C:\Users\Nathan\.m2\repository\org\antlr\antlr4-runtime\4.5.1-1\antlr4-runtime-4.5.1-1.jar;C:\Users\Nathan\.m2\repository\org\mozilla\rhino\1.7R4\rhino-1.7R4.jar;C:\Users\Nathan\.m2\repository\com\atlassian\commonmark\commonmark\0.9.0\commonmark-0.9.0.jar;C:\Users\Nathan\.m2\repository\io\swagger\codegen\v3\swagger-codegen-generators\1.0.2\swagger-codegen-generators-1.0.2.jar;C:\Users\Nathan\.m2\repository\com\vaadin\flow-lit-template\7.0.7\flow-lit-template-7.0.7.jar;C:\Users\Nathan\.m2\repository\com\vaadin\flow-polymer-template\7.0.7\flow-polymer-template-7.0.7.jar;C:\Users\Nathan\.m2\repository\com\vaadin\flow-push\7.0.7\flow-push-7.0.7.jar;C:\Users\Nathan\.m2\repository\com\vaadin\external\atmosphere\atmosphere-runtime\2.4.30.slf4jvaadin1\atmosphere-runtime-2.4.30.slf4jvaadin1.jar;C:\Users\Nathan\.m2\repository\com\vaadin\flow-client\7.0.7\flow-client-7.0.7.jar;C:\Users\Nathan\.m2\repository\com\vaadin\flow-html-components\7.0.7\flow-html-components-7.0.7.jar;C:\Users\Nathan\.m2\repository\com\vaadin\flow-data\7.0.7\flow-data-7.0.7.jar;C:\Users\Nathan\.m2\repository\com\vaadin\flow-dnd\7.0.7\flow-dnd-7.0.7.jar;C:\Users\Nathan\.m2\repository\org\webjars\npm\vaadin__vaadin-mobile-drag-drop\1.0.0\vaadin__vaadin-mobile-drag-drop-1.0.0.jar;C:\Users\Nathan\.m2\repository\org\webjars\npm\mobile-drag-drop\2.3.0-rc.1\mobile-drag-drop-2.3.0-rc.1.jar;C:\Users\Nathan\.m2\repository\com\vaadin\vaadin-lumo-theme\20.0.7\vaadin-lumo-theme-20.0.7.jar;C:\Users\Nathan\.m2\repository\com\vaadin\vaadin-material-theme\20.0.7\vaadin-material-theme-20.0.7.jar;C:\Users\Nathan\.m2\repository\com\vaadin\vaadin-accordion-flow\20.0.7\vaadin-accordion-flow-20.0.7.jar;C:\Users\Nathan\.m2\repository\com\vaadin\vaadin-avatar-flow\20.0.7\vaadin-avatar-flow-20.0.7.jar;C:\Users\Nathan\.m2\repository\com\vaadin\vaadin-button-flow\20.0.7\vaadin-button-flow-20.0.7.jar;C:\Users\Nathan\.m2\repository\com\vaadin\vaadin-checkbox-flow\20.0.7\vaadin-checkbox-flow-20.0.7.jar;C:\Users\Nathan\.m2\repository\com\vaadin\vaadin-combo-box-flow\20.0.7\vaadin-combo-box-flow-20.0.7.jar;C:\Users\Nathan\.m2\repository\com\vaadin\vaadin-custom-field-flow\20.0.7\vaadin-custom-field-flow-20.0.7.jar;C:\Users\Nathan\.m2\repository\com\vaadin\vaadin-date-picker-flow\20.0.7\vaadin-date-picker-flow-20.0.7.jar;C:\Users\Nathan\.m2\repository\com\vaadin\vaadin-date-time-picker-flow\20.0.7\vaadin-date-time-picker-flow-20.0.7.jar;C:\Users\Nathan\.m2\repository\com\vaadin\vaadin-details-flow\20.0.7\vaadin-details-flow-20.0.7.jar;C:\Users\Nathan\.m2\repository\com\vaadin\vaadin-time-picker-flow\20.0.7\vaadin-time-picker-flow-20.0.7.jar;C:\Users\Nathan\.m2\repository\com\vaadin\vaadin-select-flow\20.0.7\vaadin-select-flow-20.0.7.jar;C:\Users\Nathan\.m2\repository\com\vaadin\vaadin-dialog-flow\20.0.7\vaadin-dialog-flow-20.0.7.jar;C:\Users\Nathan\.m2\repository\com\vaadin\vaadin-form-layout-flow\20.0.7\vaadin-form-layout-flow-20.0.7.jar;C:\Users\Nathan\.m2\repository\com\vaadin\vaadin-grid-flow\20.0.7\vaadin-grid-flow-20.0.7.jar;C:\Users\Nathan\.m2\repository\com\vaadin\vaadin-icons-flow\20.0.7\vaadin-icons-flow-20.0.7.jar;C:\Users\Nathan\.m2\repository\com\vaadin\vaadin-iron-list-flow\20.0.7\vaadin-iron-list-flow-20.0.7.jar;C:\Users\Nathan\.m2\repository\com\vaadin\vaadin-list-box-flow\20.0.7\vaadin-list-box-flow-20.0.7.jar;C:\Users\Nathan\.m2\repository\com\vaadin\vaadin-login-flow\20.0.7\vaadin-login-flow-20.0.7.jar;C:\Users\Nathan\.m2\repository\com\vaadin\vaadin-messages-flow\20.0.7\vaadin-messages-flow-20.0.7.jar;C:\Users\Nathan\.m2\repository\com\vaadin\vaadin-ordered-layout-flow\20.0.7\vaadin-ordered-layout-flow-20.0.7.jar;C:\Users\Nathan\.m2\repository\com\vaadin\vaadin-progress-bar-flow\20.0.7\vaadin-progress-bar-flow-20.0.7.jar;C:\Users\Nathan\.m2\repository\com\vaadin\vaadin-radio-button-flow\20.0.7\vaadin-radio-button-flow-20.0.7.jar;C:\Users\Nathan\.m2\repository\com\vaadin\vaadin-split-layout-flow\20.0.7\vaadin-split-layout-flow-20.0.7.jar;C:\Users\Nathan\.m2\repository\com\vaadin\vaadin-tabs-flow\20.0.7\vaadin-tabs-flow-20.0.7.jar;C:\Users\Nathan\.m2\repository\com\vaadin\vaadin-text-field-flow\20.0.7\vaadin-text-field-flow-20.0.7.jar;C:\Users\Nathan\.m2\repository\com\vaadin\vaadin-upload-flow\20.0.7\vaadin-upload-flow-20.0.7.jar;C:\Users\Nathan\.m2\repository\com\vaadin\vaadin-notification-flow\20.0.7\vaadin-notification-flow-20.0.7.jar;C:\Users\Nathan\.m2\repository\com\vaadin\vaadin-app-layout-flow\20.0.7\vaadin-app-layout-flow-20.0.7.jar;C:\Users\Nathan\.m2\repository\com\vaadin\vaadin-context-menu-flow\20.0.7\vaadin-context-menu-flow-20.0.7.jar;C:\Users\Nathan\.m2\repository\com\vaadin\vaadin-menu-bar-flow\20.0.7\vaadin-menu-bar-flow-20.0.7.jar;C:\Users\Nathan\.m2\repository\javax\xml\bind\jaxb-api\2.3.1\jaxb-api-2.3.1.jar;C:\Users\Nathan\.m2\repository\javax\activation\javax.activation-api\1.2.0\javax.activation-api-1.2.0.jar;C:\Users\Nathan\.m2\repository\org\javatuples\javatuples\1.2\javatuples-1.2.jar;C:\Users\Nathan\.m2\repository\com\vaadin\vaadin\20.0.7\vaadin-20.0.7.jar;C:\Users\Nathan\.m2\repository\com\vaadin\vaadin-board-flow\20.0.7\vaadin-board-flow-20.0.7.jar;C:\Users\Nathan\.m2\repository\com\vaadin\vaadin-charts-flow\20.0.7\vaadin-charts-flow-20.0.7.jar;C:\Users\Nathan\.m2\repository\com\vaadin\vaadin-confirm-dialog-flow\20.0.7\vaadin-confirm-dialog-flow-20.0.7.jar;C:\Users\Nathan\.m2\repository\com\vaadin\vaadin-cookie-consent-flow\20.0.7\vaadin-cookie-consent-flow-20.0.7.jar;C:\Users\Nathan\.m2\repository\com\vaadin\vaadin-crud-flow\20.0.7\vaadin-crud-flow-20.0.7.jar;C:\Users\Nathan\.m2\repository\com\vaadin\vaadin-grid-pro-flow\20.0.7\vaadin-grid-pro-flow-20.0.7.jar;C:\Users\Nathan\.m2\repository\com\vaadin\vaadin-rich-text-editor-flow\20.0.7\vaadin-rich-text-editor-flow-20.0.7.jar;C:\Users\Nathan\.m2\repository\com\vaadin\collaboration-engine\3.1.0\collaboration-engine-3.1.0.jar;C:\Users\Nathan\.m2\repository\javax\servlet\javax.servlet-api\4.0.1\javax.servlet-api-4.0.1.jar;C:\Users\Nathan\.m2\repository\com\fasterxml\jackson\datatype\jackson-datatype-jsr310\2.11.4\jackson-datatype-jsr310-2.11.4.jar;C:\Users\Nathan\.m2\repository\com\vaadin\license-checker\1.2.1\license-checker-1.2.1.jar;C:\Users\Nathan\.m2\repository\com\github\oshi\oshi-core\5.5.0\oshi-core-5.5.0.jar;C:\Users\Nathan\.m2\repository\net\java\dev\jna\jna\5.7.0\jna-5.7.0.jar;C:\Users\Nathan\.m2\repository\net\java\dev\jna\jna-platform\5.7.0\jna-platform-5.7.0.jar;C:\Users\Nathan\.m2\repository\com\vaadin\vaadin-spring-boot-starter\20.0.7\vaadin-spring-boot-starter-20.0.7.jar;C:\Users\Nathan\.m2\repository\com\vaadin\vaadin-spring\17.0.2\vaadin-spring-17.0.2.jar;C:\Users\Nathan\.m2\repository\org\springframework\spring-webmvc\5.3.6\spring-webmvc-5.3.6.jar;C:\Users\Nathan\.m2\repository\org\springframework\spring-aop\5.3.6\spring-aop-5.3.6.jar;C:\Users\Nathan\.m2\repository\org\springframework\spring-beans\5.3.6\spring-beans-5.3.6.jar;C:\Users\Nathan\.m2\repository\org\springframework\spring-expression\5.3.6\spring-expression-5.3.6.jar;C:\Users\Nathan\.m2\repository\org\springframework\spring-websocket\5.3.6\spring-websocket-5.3.6.jar;C:\Users\Nathan\.m2\repository\org\springframework\boot\spring-boot-starter-web\2.4.5\spring-boot-starter-web-2.4.5.jar;C:\Users\Nathan\.m2\repository\org\springframework\boot\spring-boot-starter-json\2.4.5\spring-boot-starter-json-2.4.5.jar;C:\Users\Nathan\.m2\repository\com\fasterxml\jackson\datatype\jackson-datatype-jdk8\2.11.4\jackson-datatype-jdk8-2.11.4.jar;C:\Users\Nathan\.m2\repository\com\fasterxml\jackson\module\jackson-module-parameter-names\2.11.4\jackson-module-parameter-names-2.11.4.jar;C:\Users\Nathan\.m2\repository\org\springframework\boot\spring-boot-starter-tomcat\2.4.5\spring-boot-starter-tomcat-2.4.5.jar;C:\Users\Nathan\.m2\repository\org\apache\tomcat\embed\tomcat-embed-core\9.0.45\tomcat-embed-core-9.0.45.jar;C:\Users\Nathan\.m2\repository\org\apache\tomcat\embed\tomcat-embed-websocket\9.0.45\tomcat-embed-websocket-9.0.45.jar;C:\Users\Nathan\.m2\repository\org\springframework\spring-web\5.3.6\spring-web-5.3.6.jar;C:\Users\Nathan\.m2\repository\org\vaadin\artur\a-vaadin-helper\1.6.0\a-vaadin-helper-1.6.0.jar;C:\Users\Nathan\.m2\repository\org\vaadin\artur\spring-data-provider\2.1.0\spring-data-provider-2.1.0.jar;C:\Users\Nathan\.m2\repository\org\json\json\20210307\json-20210307.jar;C:\Users\Nathan\.m2\repository\org\springframework\boot\spring-boot-starter-validation\2.4.5\spring-boot-starter-validation-2.4.5.jar;C:\Users\Nathan\.m2\repository\org\springframework\boot\spring-boot-starter\2.4.5\spring-boot-starter-2.4.5.jar;C:\Users\Nathan\.m2\repository\org\springframework\boot\spring-boot-starter-logging\2.4.5\spring-boot-starter-logging-2.4.5.jar;C:\Users\Nathan\.m2\repository\ch\qos\logback\logback-classic\1.2.3\logback-classic-1.2.3.jar;C:\Users\Nathan\.m2\repository\ch\qos\logback\logback-core\1.2.3\logback-core-1.2.3.jar;C:\Users\Nathan\.m2\repository\org\apache\logging\log4j\log4j-to-slf4j\2.13.3\log4j-to-slf4j-2.13.3.jar;C:\Users\Nathan\.m2\repository\org\apache\logging\log4j\log4j-api\2.13.3\log4j-api-2.13.3.jar;C:\Users\Nathan\.m2\repository\org\slf4j\jul-to-slf4j\1.7.30\jul-to-slf4j-1.7.30.jar;C:\Users\Nathan\.m2\repository\jakarta\annotation\jakarta.annotation-api\1.3.5\jakarta.annotation-api-1.3.5.jar;C:\Users\Nathan\.m2\repository\org\yaml\snakeyaml\1.27\snakeyaml-1.27.jar;C:\Users\Nathan\.m2\repository\org\glassfish\jakarta.el\3.0.3\jakarta.el-3.0.3.jar;C:\Users\Nathan\.m2\repository\org\springframework\boot\spring-boot-devtools\2.4.5\spring-boot-devtools-2.4.5.jar;C:\Users\Nathan\.m2\repository\org\springframework\boot\spring-boot\2.4.5\spring-boot-2.4.5.jar;C:\Users\Nathan\.m2\repository\org\springframework\spring-context\5.3.6\spring-context-5.3.6.jar;C:\Users\Nathan\.m2\repository\org\springframework\boot\spring-boot-autoconfigure\2.4.5\spring-boot-autoconfigure-2.4.5.jar;C:\Users\Nathan\.m2\repository\org\springframework\boot\spring-boot-starter-test\2.4.5\spring-boot-starter-test-2.4.5.jar;C:\Users\Nathan\.m2\repository\org\springframework\boot\spring-boot-test\2.4.5\spring-boot-test-2.4.5.jar;C:\Users\Nathan\.m2\repository\org\springframework\boot\spring-boot-test-autoconfigure\2.4.5\spring-boot-test-autoconfigure-2.4.5.jar;C:\Users\Nathan\.m2\repository\com\jayway\jsonpath\json-path\2.4.0\json-path-2.4.0.jar;C:\Users\Nathan\.m2\repository\net\minidev\json-smart\2.3\json-smart-2.3.jar;C:\Users\Nathan\.m2\repository\net\minidev\accessors-smart\1.2\accessors-smart-1.2.jar;C:\Users\Nathan\.m2\repository\org\ow2\asm\asm\5.0.4\asm-5.0.4.jar;C:\Users\Nathan\.m2\repository\jakarta\xml\bind\jakarta.xml.bind-api\2.3.3\jakarta.xml.bind-api-2.3.3.jar;C:\Users\Nathan\.m2\repository\jakarta\activation\jakarta.activation-api\1.2.2\jakarta.activation-api-1.2.2.jar;C:\Users\Nathan\.m2\repository\org\assertj\assertj-core\3.18.1\assertj-core-3.18.1.jar;C:\Users\Nathan\.m2\repository\org\hamcrest\hamcrest\2.2\hamcrest-2.2.jar;C:\Users\Nathan\.m2\repository\org\junit\jupiter\junit-jupiter\5.7.1\junit-jupiter-5.7.1.jar;C:\Users\Nathan\.m2\repository\org\junit\jupiter\junit-jupiter-api\5.7.1\junit-jupiter-api-5.7.1.jar;C:\Users\Nathan\.m2\repository\org\junit\jupiter\junit-jupiter-params\5.7.1\junit-jupiter-params-5.7.1.jar;C:\Users\Nathan\.m2\repository\org\junit\jupiter\junit-jupiter-engine\5.7.1\junit-jupiter-engine-5.7.1.jar;C:\Users\Nathan\.m2\repository\org\mockito\mockito-core\3.6.28\mockito-core-3.6.28.jar;C:\Users\Nathan\.m2\repository\net\bytebuddy\byte-buddy\1.10.22\byte-buddy-1.10.22.jar;C:\Users\Nathan\.m2\repository\net\bytebuddy\byte-buddy-agent\1.10.22\byte-buddy-agent-1.10.22.jar;C:\Users\Nathan\.m2\repository\org\objenesis\objenesis\3.1\objenesis-3.1.jar;C:\Users\Nathan\.m2\repository\org\mockito\mockito-junit-jupiter\3.6.28\mockito-junit-jupiter-3.6.28.jar;C:\Users\Nathan\.m2\repository\org\skyscreamer\jsonassert\1.5.0\jsonassert-1.5.0.jar;C:\Users\Nathan\.m2\repository\com\vaadin\external\google\android-json\0.0.20131108.vaadin1\android-json-0.0.20131108.vaadin1.jar;C:\Users\Nathan\.m2\repository\org\springframework\spring-core\5.3.6\spring-core-5.3.6.jar;C:\Users\Nathan\.m2\repository\org\springframework\spring-jcl\5.3.6\spring-jcl-5.3.6.jar;C:\Users\Nathan\.m2\repository\org\springframework\spring-test\5.3.6\spring-test-5.3.6.jar;C:\Users\Nathan\.m2\repository\org\xmlunit\xmlunit-core\2.7.0\xmlunit-core-2.7.0.jar;C:\Users\Nathan\.m2\repository\com\vaadin\vaadin-testbench\20.0.7\vaadin-testbench-20.0.7.jar;C:\Users\Nathan\.m2\repository\com\vaadin\vaadin-testbench-core\7.0.1\vaadin-testbench-core-7.0.1.jar;C:\Users\Nathan\.m2\repository\commons-codec\commons-codec\1.15\commons-codec-1.15.jar;C:\Users\Nathan\.m2\repository\org\seleniumhq\selenium\selenium-remote-driver\3.141.59\selenium-remote-driver-3.141.59.jar;C:\Users\Nathan\.m2\repository\org\seleniumhq\selenium\selenium-api\3.141.59\selenium-api-3.141.59.jar;C:\Users\Nathan\.m2\repository\org\apache\commons\commons-exec\1.3\commons-exec-1.3.jar;C:\Users\Nathan\.m2\repository\com\google\guava\guava\25.0-jre\guava-25.0-jre.jar;C:\Users\Nathan\.m2\repository\com\google\code\findbugs\jsr305\1.3.9\jsr305-1.3.9.jar;C:\Users\Nathan\.m2\repository\org\checkerframework\checker-compat-qual\2.0.0\checker-compat-qual-2.0.0.jar;C:\Users\Nathan\.m2\repository\com\google\errorprone\error_prone_annotations\2.1.3\error_prone_annotations-2.1.3.jar;C:\Users\Nathan\.m2\repository\com\google\j2objc\j2objc-annotations\1.1\j2objc-annotations-1.1.jar;C:\Users\Nathan\.m2\repository\org\codehaus\mojo\animal-sniffer-annotations\1.14\animal-sniffer-annotations-1.14.jar;C:\Users\Nathan\.m2\repository\com\squareup\okhttp3\okhttp\3.14.9\okhttp-3.14.9.jar;C:\Users\Nathan\.m2\repository\com\squareup\okio\okio\1.14.0\okio-1.14.0.jar;C:\Users\Nathan\.m2\repository\org\seleniumhq\selenium\selenium-java\3.141.59\selenium-java-3.141.59.jar;C:\Users\Nathan\.m2\repository\org\seleniumhq\selenium\selenium-chrome-driver\3.141.59\selenium-chrome-driver-3.141.59.jar;C:\Users\Nathan\.m2\repository\org\seleniumhq\selenium\selenium-edge-driver\3.141.59\selenium-edge-driver-3.141.59.jar;C:\Users\Nathan\.m2\repository\org\seleniumhq\selenium\selenium-firefox-driver\3.141.59\selenium-firefox-driver-3.141.59.jar;C:\Users\Nathan\.m2\repository\org\seleniumhq\selenium\selenium-ie-driver\3.141.59\selenium-ie-driver-3.141.59.jar;C:\Users\Nathan\.m2\repository\org\seleniumhq\selenium\selenium-opera-driver\3.141.59\selenium-opera-driver-3.141.59.jar;C:\Users\Nathan\.m2\repository\org\seleniumhq\selenium\selenium-safari-driver\3.141.59\selenium-safari-driver-3.141.59.jar;C:\Users\Nathan\.m2\repository\org\seleniumhq\selenium\selenium-support\3.141.59\selenium-support-3.141.59.jar;C:\Users\Nathan\.m2\repository\org\easymock\easymock\3.1\easymock-3.1.jar;C:\Users\Nathan\.m2\repository\cglib\cglib-nodep\2.2.2\cglib-nodep-2.2.2.jar;C:\Users\Nathan\.m2\repository\org\javassist\javassist\3.27.0-GA\javassist-3.27.0-GA.jar;C:\Users\Nathan\.m2\repository\com\google\gwt\gwt-elemental\2.8.0\gwt-elemental-2.8.0.jar;C:\Users\Nathan\.m2\repository\com\vaadin\flow-html-components-testbench\7.0.7\flow-html-components-testbench-7.0.7.jar;C:\Users\Nathan\.m2\repository\com\vaadin\vaadin-accordion-testbench\20.0.7\vaadin-accordion-testbench-20.0.7.jar;C:\Users\Nathan\.m2\repository\com\vaadin\vaadin-app-layout-testbench\20.0.7\vaadin-app-layout-testbench-20.0.7.jar;C:\Users\Nathan\.m2\repository\com\vaadin\vaadin-avatar-testbench\20.0.7\vaadin-avatar-testbench-20.0.7.jar;C:\Users\Nathan\.m2\repository\com\vaadin\vaadin-board-testbench\20.0.7\vaadin-board-testbench-20.0.7.jar;C:\Users\Nathan\.m2\repository\com\vaadin\vaadin-button-testbench\20.0.7\vaadin-button-testbench-20.0.7.jar;C:\Users\Nathan\.m2\repository\com\vaadin\vaadin-charts-testbench\20.0.7\vaadin-charts-testbench-20.0.7.jar;C:\Users\Nathan\.m2\repository\com\vaadin\vaadin-checkbox-testbench\20.0.7\vaadin-checkbox-testbench-20.0.7.jar;C:\Users\Nathan\.m2\repository\com\vaadin\vaadin-combo-box-testbench\20.0.7\vaadin-combo-box-testbench-20.0.7.jar;C:\Users\Nathan\.m2\repository\com\vaadin\vaadin-confirm-dialog-testbench\20.0.7\vaadin-confirm-dialog-testbench-20.0.7.jar;C:\Users\Nathan\.m2\repository\com\vaadin\vaadin-context-menu-testbench\20.0.7\vaadin-context-menu-testbench-20.0.7.jar;C:\Users\Nathan\.m2\repository\com\vaadin\vaadin-cookie-consent-testbench\20.0.7\vaadin-cookie-consent-testbench-20.0.7.jar;C:\Users\Nathan\.m2\repository\com\vaadin\vaadin-crud-testbench\20.0.7\vaadin-crud-testbench-20.0.7.jar;C:\Users\Nathan\.m2\repository\com\vaadin\vaadin-custom-field-testbench\20.0.7\vaadin-custom-field-testbench-20.0.7.jar;C:\Users\Nathan\.m2\repository\com\vaadin\vaadin-date-picker-testbench\20.0.7\vaadin-date-picker-testbench-20.0.7.jar;C:\Users\Nathan\.m2\repository\com\vaadin\vaadin-date-time-picker-testbench\20.0.7\vaadin-date-time-picker-testbench-20.0.7.jar;C:\Users\Nathan\.m2\repository\com\vaadin\vaadin-details-testbench\20.0.7\vaadin-details-testbench-20.0.7.jar;C:\Users\Nathan\.m2\repository\com\vaadin\vaadin-dialog-testbench\20.0.7\vaadin-dialog-testbench-20.0.7.jar;C:\Users\Nathan\.m2\repository\com\vaadin\vaadin-form-layout-testbench\20.0.7\vaadin-form-layout-testbench-20.0.7.jar;C:\Users\Nathan\.m2\repository\com\vaadin\vaadin-grid-testbench\20.0.7\vaadin-grid-testbench-20.0.7.jar;C:\Users\Nathan\.m2\repository\com\vaadin\vaadin-grid-pro-testbench\20.0.7\vaadin-grid-pro-testbench-20.0.7.jar;C:\Users\Nathan\.m2\repository\com\vaadin\vaadin-icons-testbench\20.0.7\vaadin-icons-testbench-20.0.7.jar;C:\Users\Nathan\.m2\repository\com\vaadin\vaadin-iron-list-testbench\20.0.7\vaadin-iron-list-testbench-20.0.7.jar;C:\Users\Nathan\.m2\repository\com\vaadin\vaadin-list-box-testbench\20.0.7\vaadin-list-box-testbench-20.0.7.jar;C:\Users\Nathan\.m2\repository\com\vaadin\vaadin-login-testbench\20.0.7\vaadin-login-testbench-20.0.7.jar;C:\Users\Nathan\.m2\repository\com\vaadin\vaadin-menu-bar-testbench\20.0.7\vaadin-menu-bar-testbench-20.0.7.jar;C:\Users\Nathan\.m2\repository\com\vaadin\vaadin-messages-testbench\20.0.7\vaadin-messages-testbench-20.0.7.jar;C:\Users\Nathan\.m2\repository\com\vaadin\vaadin-notification-testbench\20.0.7\vaadin-notification-testbench-20.0.7.jar;C:\Users\Nathan\.m2\repository\com\vaadin\vaadin-ordered-layout-testbench\20.0.7\vaadin-ordered-layout-testbench-20.0.7.jar;C:\Users\Nathan\.m2\repository\com\vaadin\vaadin-progress-bar-testbench\20.0.7\vaadin-progress-bar-testbench-20.0.7.jar;C:\Users\Nathan\.m2\repository\com\vaadin\vaadin-radio-button-testbench\20.0.7\vaadin-radio-button-testbench-20.0.7.jar;C:\Users\Nathan\.m2\repository\com\vaadin\vaadin-rich-text-editor-testbench\20.0.7\vaadin-rich-text-editor-testbench-20.0.7.jar;C:\Users\Nathan\.m2\repository\com\vaadin\vaadin-select-testbench\20.0.7\vaadin-select-testbench-20.0.7.jar;C:\Users\Nathan\.m2\repository\com\vaadin\vaadin-split-layout-testbench\20.0.7\vaadin-split-layout-testbench-20.0.7.jar;C:\Users\Nathan\.m2\repository\com\vaadin\vaadin-tabs-testbench\20.0.7\vaadin-tabs-testbench-20.0.7.jar;C:\Users\Nathan\.m2\repository\com\vaadin\vaadin-text-field-testbench\20.0.7\vaadin-text-field-testbench-20.0.7.jar;C:\Users\Nathan\.m2\repository\com\vaadin\vaadin-time-picker-testbench\20.0.7\vaadin-time-picker-testbench-20.0.7.jar;C:\Users\Nathan\.m2\repository\com\vaadin\vaadin-upload-testbench\20.0.7\vaadin-upload-testbench-20.0.7.jar;C:\Users\Nathan\.m2\repository\org\junit\vintage\junit-vintage-engine\5.7.1\junit-vintage-engine-5.7.1.jar;C:\Users\Nathan\.m2\repository\org\apiguardian\apiguardian-api\1.1.0\apiguardian-api-1.1.0.jar;C:\Users\Nathan\.m2\repository\org\junit\platform\junit-platform-engine\1.7.1\junit-platform-engine-1.7.1.jar;C:\Users\Nathan\.m2\repository\org\opentest4j\opentest4j\1.2.0\opentest4j-1.2.0.jar;C:\Users\Nathan\.m2\repository\org\junit\platform\junit-platform-commons\1.7.1\junit-platform-commons-1.7.1.jar;C:\Users\Nathan\.m2\repository\junit\junit\4.13.2\junit-4.13.2.jar;C:\Users\Nathan\.m2\repository\io\github\bonigarcia\webdrivermanager\3.8.1\webdrivermanager-3.8.1.jar;C:\Users\Nathan\.m2\repository\org\slf4j\slf4j-api\1.7.30\slf4j-api-1.7.30.jar;C:\Users\Nathan\.m2\repository\commons-io\commons-io\2.6\commons-io-2.6.jar;C:\Users\Nathan\.m2\repository\com\google\code\gson\gson\2.8.6\gson-2.8.6.jar;C:\Users\Nathan\.m2\repository\org\apache\commons\commons-lang3\3.11\commons-lang3-3.11.jar;C:\Users\Nathan\.m2\repository\org\apache\httpcomponents\httpclient\4.5.13\httpclient-4.5.13.jar;C:\Users\Nathan\.m2\repository\org\apache\httpcomponents\httpcore\4.4.14\httpcore-4.4.14.jar;C:\Users\Nathan\.m2\repository\org\rauschig\jarchivelib\1.0.0\jarchivelib-1.0.0.jar;C:\Users\Nathan\.m2\repository\org\apache\commons\commons-compress\1.18\commons-compress-1.18.jar;C:\Users\Nathan\.m2\repository\org\jsoup\jsoup\1.11.3\jsoup-1.11.3.jar;C:\Users\Nathan\.m2\repository\org\hibernate\validator\hibernate-validator\7.0.1.Final\hibernate-validator-7.0.1.Final.jar;C:\Users\Nathan\.m2\repository\jakarta\validation\jakarta.validation-api\2.0.2\jakarta.validation-api-2.0.2.jar;C:\Users\Nathan\.m2\repository\org\jboss\logging\jboss-logging\3.4.1.Final\jboss-logging-3.4.1.Final.jar;C:\Users\Nathan\.m2\repository\com\fasterxml\classmate\1.5.1\classmate-1.5.1.jar;"/>
    <property name="java.vm.vendor" value="Oracle Corporation"/>
    <property name="sun.arch.data.model" value="64"/>
    <property name="user.variant" value=""/>
    <property name="java.vendor.url" value="https://java.oracle.com/"/>
    <property name="user.timezone" value="America/New_York"/>
    <property name="os.name" value="Windows 10"/>
    <property name="java.vm.specification.version" value="16"/>
    <property name="sun.java.launcher" value="SUN_STANDARD"/>
    <property name="user.country" value="US"/>
    <property name="sun.boot.library.path" value="C:\Program Files\Java\jdk-16.0.1\bin"/>
    <property name="sun.java.command" value="C:\Users\Nathan\AppData\Local\Temp\surefire11453363429126629917\surefirebooter13460014121987638049.jar C:\Users\Nathan\AppData\Local\Temp\surefire11453363429126629917 2021-12-19T12-51-10_349-jvmRun1 surefire8526527235083205452tmp surefire_02360191735784978988tmp"/>
    <property name="jdk.debug" value="release"/>
    <property name="surefire.test.class.path" value="C:\Users\Nathan\Documents\X4 Map Generator\RandomGalaxyTool\target\test-classes;C:\Users\Nathan\Documents\X4 Map Generator\RandomGalaxyTool\target\classes;C:\Users\Nathan\.m2\repository\com\fasterxml\jackson\core\jackson-core\2.13.0-rc2\jackson-core-2.13.0-rc2.jar;C:\Users\Nathan\.m2\repository\com\fasterxml\jackson\module\jackson-module-jsonSchema\2.13.0-rc2\jackson-module-jsonSchema-2.13.0-rc2.jar;C:\Users\Nathan\.m2\repository\com\fasterxml\jackson\core\jackson-annotations\2.11.4\jackson-annotations-2.11.4.jar;C:\Users\Nathan\.m2\repository\com\fasterxml\jackson\core\jackson-databind\2.11.4\jackson-databind-2.11.4.jar;C:\Users\Nathan\.m2\repository\javax\validation\validation-api\2.0.1.Final\validation-api-2.0.1.Final.jar;C:\Users\Nathan\.m2\repository\org\freemarker\freemarker\2.3.31\freemarker-2.3.31.jar;C:\Users\Nathan\.m2\repository\org\apache\commons\commons-math3\3.6.1\commons-math3-3.6.1.jar;C:\Users\Nathan\.m2\repository\org\vaadin\olli\file-download-wrapper\3.0.1\file-download-wrapper-3.0.1.jar;C:\Users\Nathan\.m2\repository\com\vaadin\vaadin-core\20.0.7\vaadin-core-20.0.7.jar;C:\Users\Nathan\.m2\repository\com\vaadin\flow-server\7.0.7\flow-server-7.0.7.jar;C:\Users\Nathan\.m2\repository\javax\annotation\javax.annotation-api\1.3.2\javax.annotation-api-1.3.2.jar;C:\Users\Nathan\.m2\repository\com\vaadin\external\gwt\gwt-elemental\2.8.2.vaadin2\gwt-elemental-2.8.2.vaadin2.jar;C:\Users\Nathan\.m2\repository\commons-fileupload\commons-fileupload\1.3.3\commons-fileupload-1.3.3.jar;C:\Users\Nathan\.m2\repository\com\helger\ph-css\6.1.1\ph-css-6.1.1.jar;C:\Users\Nathan\.m2\repository\com\helger\ph-commons\9.1.2\ph-commons-9.1.2.jar;C:\Users\Nathan\.m2\repository\com\vaadin\external\gentyref\1.2.0.vaadin1\gentyref-1.2.0.vaadin1.jar;C:\Users\Nathan\.m2\repository\com\vaadin\fusion-endpoint\7.0.7\fusion-endpoint-7.0.7.jar;C:\Users\Nathan\.m2\repository\com\github\javaparser\javaparser-symbol-solver-core\3.15.1\javaparser-symbol-solver-core-3.15.1.jar;C:\Users\Nathan\.m2\repository\com\github\javaparser\javaparser-symbol-solver-logic\3.15.1\javaparser-symbol-solver-logic-3.15.1.jar;C:\Users\Nathan\.m2\repository\com\github\javaparser\javaparser-symbol-solver-model\3.15.1\javaparser-symbol-solver-model-3.15.1.jar;C:\Users\Nathan\.m2\repository\com\github\javaparser\javaparser-core\3.15.1\javaparser-core-3.15.1.jar;C:\Users\Nathan\.m2\repository\io\swagger\codegen\v3\swagger-codegen\3.0.2\swagger-codegen-3.0.2.jar;C:\Users\Nathan\.m2\repository\io\swagger\core\v3\swagger-models\2.0.4\swagger-models-2.0.4.jar;C:\Users\Nathan\.m2\repository\io\swagger\swagger-parser\1.0.39\swagger-parser-1.0.39.jar;C:\Users\Nathan\.m2\repository\io\swagger\swagger-core\1.5.21\swagger-core-1.5.21.jar;C:\Users\Nathan\.m2\repository\io\swagger\swagger-models\1.5.21\swagger-models-1.5.21.jar;C:\Users\Nathan\.m2\repository\io\swagger\swagger-annotations\1.5.21\swagger-annotations-1.5.21.jar;C:\Users\Nathan\.m2\repository\io\swagger\core\v3\swagger-core\2.0.4\swagger-core-2.0.4.jar;C:\Users\Nathan\.m2\repository\com\fasterxml\jackson\dataformat\jackson-dataformat-yaml\2.11.4\jackson-dataformat-yaml-2.11.4.jar;C:\Users\Nathan\.m2\repository\io\swagger\core\v3\swagger-annotations\2.0.4\swagger-annotations-2.0.4.jar;C:\Users\Nathan\.m2\repository\io\swagger\parser\v3\swagger-parser-core\2.0.5\swagger-parser-core-2.0.5.jar;C:\Users\Nathan\.m2\repository\io\swagger\parser\v3\swagger-parser-v3\2.0.5\swagger-parser-v3-2.0.5.jar;C:\Users\Nathan\.m2\repository\io\swagger\parser\v3\swagger-parser\2.0.5\swagger-parser-2.0.5.jar;C:\Users\Nathan\.m2\repository\io\swagger\parser\v3\swagger-parser-v2-converter\2.0.5\swagger-parser-v2-converter-2.0.5.jar;C:\Users\Nathan\.m2\repository\io\swagger\swagger-codegen\2.3.1\swagger-codegen-2.3.1.jar;C:\Users\Nathan\.m2\repository\io\swagger\swagger-compat-spec-parser\1.0.33\swagger-compat-spec-parser-1.0.33.jar;C:\Users\Nathan\.m2\repository\com\github\java-json-tools\json-schema-validator\2.2.8\json-schema-validator-2.2.8.jar;C:\Users\Nathan\.m2\repository\com\github\java-json-tools\json-schema-core\1.2.8\json-schema-core-1.2.8.jar;C:\Users\Nathan\.m2\repository\com\github\fge\uri-template\0.9\uri-template-0.9.jar;C:\Users\Nathan\.m2\repository\joda-time\joda-time\2.9.7\joda-time-2.9.7.jar;C:\Users\Nathan\.m2\repository\com\googlecode\libphonenumber\libphonenumber\8.0.0\libphonenumber-8.0.0.jar;C:\Users\Nathan\.m2\repository\net\sf\jopt-simple\jopt-simple\5.0.3\jopt-simple-5.0.3.jar;C:\Users\Nathan\.m2\repository\com\github\fge\json-patch\1.6\json-patch-1.6.jar;C:\Users\Nathan\.m2\repository\com\github\fge\jackson-coreutils\1.6\jackson-coreutils-1.6.jar;C:\Users\Nathan\.m2\repository\com\github\fge\msg-simple\1.1\msg-simple-1.1.jar;C:\Users\Nathan\.m2\repository\com\github\fge\btf\1.2\btf-1.2.jar;C:\Users\Nathan\.m2\repository\com\samskivert\jmustache\1.15\jmustache-1.15.jar;C:\Users\Nathan\.m2\repository\org\slf4j\slf4j-ext\1.7.30\slf4j-ext-1.7.30.jar;C:\Users\Nathan\.m2\repository\commons-cli\commons-cli\1.2\commons-cli-1.2.jar;C:\Users\Nathan\.m2\repository\com\github\jknack\handlebars\4.0.6\handlebars-4.0.6.jar;C:\Users\Nathan\.m2\repository\org\antlr\antlr4-runtime\4.5.1-1\antlr4-runtime-4.5.1-1.jar;C:\Users\Nathan\.m2\repository\org\mozilla\rhino\1.7R4\rhino-1.7R4.jar;C:\Users\Nathan\.m2\repository\com\atlassian\commonmark\commonmark\0.9.0\commonmark-0.9.0.jar;C:\Users\Nathan\.m2\repository\io\swagger\codegen\v3\swagger-codegen-generators\1.0.2\swagger-codegen-generators-1.0.2.jar;C:\Users\Nathan\.m2\repository\com\vaadin\flow-lit-template\7.0.7\flow-lit-template-7.0.7.jar;C:\Users\Nathan\.m2\repository\com\vaadin\flow-polymer-template\7.0.7\flow-polymer-template-7.0.7.jar;C:\Users\Nathan\.m2\repository\com\vaadin\flow-push\7.0.7\flow-push-7.0.7.jar;C:\Users\Nathan\.m2\repository\com\vaadin\external\atmosphere\atmosphere-runtime\2.4.30.slf4jvaadin1\atmosphere-runtime-2.4.30.slf4jvaadin1.jar;C:\Users\Nathan\.m2\repository\com\vaadin\flow-client\7.0.7\flow-client-7.0.7.jar;C:\Users\Nathan\.m2\repository\com\vaadin\flow-html-components\7.0.7\flow-html-components-7.0.7.jar;C:\Users\Nathan\.m2\repository\com\vaadin\flow-data\7.0.7\flow-data-7.0.7.jar;C:\Users\Nathan\.m2\repository\com\vaadin\flow-dnd\7.0.7\flow-dnd-7.0.7.jar;C:\Users\Nathan\.m2\repository\org\webjars\npm\vaadin__vaadin-mobile-drag-drop\1.0.0\vaadin__vaadin-mobile-drag-drop-1.0.0.jar;C:\Users\Nathan\.m2\repository\org\webjars\npm\mobile-drag-drop\2.3.0-rc.1\mobile-drag-drop-2.3.0-rc.1.jar;C:\Users\Nathan\.m2\repository\com\vaadin\vaadin-lumo-theme\20.0.7\vaadin-lumo-theme-20.0.7.jar;C:\Users\Nathan\.m2\repository\com\vaadin\vaadin-material-theme\20.0.7\vaadin-material-theme-20.0.7.jar;C:\Users\Nathan\.m2\repository\com\vaadin\vaadin-accordion-flow\20.0.7\vaadin-accordion-flow-20.0.7.jar;C:\Users\Nathan\.m2\repository\com\vaadin\vaadin-avatar-flow\20.0.7\vaadin-avatar-flow-20.0.7.jar;C:\Users\Nathan\.m2\repository\com\vaadin\vaadin-button-flow\20.0.7\vaadin-button-flow-20.0.7.jar;C:\Users\Nathan\.m2\repository\com\vaadin\vaadin-checkbox-flow\20.0.7\vaadin-checkbox-flow-20.0.7.jar;C:\Users\Nathan\.m2\repository\com\vaadin\vaadin-combo-box-flow\20.0.7\vaadin-combo-box-flow-20.0.7.jar;C:\Users\Nathan\.m2\repository\com\vaadin\vaadin-custom-field-flow\20.0.7\vaadin-custom-field-flow-20.0.7.jar;C:\Users\Nathan\.m2\repository\com\vaadin\vaadin-date-picker-flow\20.0.7\vaadin-date-picker-flow-20.0.7.jar;C:\Users\Nathan\.m2\repository\com\vaadin\vaadin-date-time-picker-flow\20.0.7\vaadin-date-time-picker-flow-20.0.7.jar;C:\Users\Nathan\.m2\repository\com\vaadin\vaadin-details-flow\20.0.7\vaadin-details-flow-20.0.7.jar;C:\Users\Nathan\.m2\repository\com\vaadin\vaadin-time-picker-flow\20.0.7\vaadin-time-picker-flow-20.0.7.jar;C:\Users\Nathan\.m2\repository\com\vaadin\vaadin-select-flow\20.0.7\vaadin-select-flow-20.0.7.jar;C:\Users\Nathan\.m2\repository\com\vaadin\vaadin-dialog-flow\20.0.7\vaadin-dialog-flow-20.0.7.jar;C:\Users\Nathan\.m2\repository\com\vaadin\vaadin-form-layout-flow\20.0.7\vaadin-form-layout-flow-20.0.7.jar;C:\Users\Nathan\.m2\repository\com\vaadin\vaadin-grid-flow\20.0.7\vaadin-grid-flow-20.0.7.jar;C:\Users\Nathan\.m2\repository\com\vaadin\vaadin-icons-flow\20.0.7\vaadin-icons-flow-20.0.7.jar;C:\Users\Nathan\.m2\repository\com\vaadin\vaadin-iron-list-flow\20.0.7\vaadin-iron-list-flow-20.0.7.jar;C:\Users\Nathan\.m2\repository\com\vaadin\vaadin-list-box-flow\20.0.7\vaadin-list-box-flow-20.0.7.jar;C:\Users\Nathan\.m2\repository\com\vaadin\vaadin-login-flow\20.0.7\vaadin-login-flow-20.0.7.jar;C:\Users\Nathan\.m2\repository\com\vaadin\vaadin-messages-flow\20.0.7\vaadin-messages-flow-20.0.7.jar;C:\Users\Nathan\.m2\repository\com\vaadin\vaadin-ordered-layout-flow\20.0.7\vaadin-ordered-layout-flow-20.0.7.jar;C:\Users\Nathan\.m2\repository\com\vaadin\vaadin-progress-bar-flow\20.0.7\vaadin-progress-bar-flow-20.0.7.jar;C:\Users\Nathan\.m2\repository\com\vaadin\vaadin-radio-button-flow\20.0.7\vaadin-radio-button-flow-20.0.7.jar;C:\Users\Nathan\.m2\repository\com\vaadin\vaadin-split-layout-flow\20.0.7\vaadin-split-layout-flow-20.0.7.jar;C:\Users\Nathan\.m2\repository\com\vaadin\vaadin-tabs-flow\20.0.7\vaadin-tabs-flow-20.0.7.jar;C:\Users\Nathan\.m2\repository\com\vaadin\vaadin-text-field-flow\20.0.7\vaadin-text-field-flow-20.0.7.jar;C:\Users\Nathan\.m2\repository\com\vaadin\vaadin-upload-flow\20.0.7\vaadin-upload-flow-20.0.7.jar;C:\Users\Nathan\.m2\repository\com\vaadin\vaadin-notification-flow\20.0.7\vaadin-notification-flow-20.0.7.jar;C:\Users\Nathan\.m2\repository\com\vaadin\vaadin-app-layout-flow\20.0.7\vaadin-app-layout-flow-20.0.7.jar;C:\Users\Nathan\.m2\repository\com\vaadin\vaadin-context-menu-flow\20.0.7\vaadin-context-menu-flow-20.0.7.jar;C:\Users\Nathan\.m2\repository\com\vaadin\vaadin-menu-bar-flow\20.0.7\vaadin-menu-bar-flow-20.0.7.jar;C:\Users\Nathan\.m2\repository\javax\xml\bind\jaxb-api\2.3.1\jaxb-api-2.3.1.jar;C:\Users\Nathan\.m2\repository\javax\activation\javax.activation-api\1.2.0\javax.activation-api-1.2.0.jar;C:\Users\Nathan\.m2\repository\org\javatuples\javatuples\1.2\javatuples-1.2.jar;C:\Users\Nathan\.m2\repository\com\vaadin\vaadin\20.0.7\vaadin-20.0.7.jar;C:\Users\Nathan\.m2\repository\com\vaadin\vaadin-board-flow\20.0.7\vaadin-board-flow-20.0.7.jar;C:\Users\Nathan\.m2\repository\com\vaadin\vaadin-charts-flow\20.0.7\vaadin-charts-flow-20.0.7.jar;C:\Users\Nathan\.m2\repository\com\vaadin\vaadin-confirm-dialog-flow\20.0.7\vaadin-confirm-dialog-flow-20.0.7.jar;C:\Users\Nathan\.m2\repository\com\vaadin\vaadin-cookie-consent-flow\20.0.7\vaadin-cookie-consent-flow-20.0.7.jar;C:\Users\Nathan\.m2\repository\com\vaadin\vaadin-crud-flow\20.0.7\vaadin-crud-flow-20.0.7.jar;C:\Users\Nathan\.m2\repository\com\vaadin\vaadin-grid-pro-flow\20.0.7\vaadin-grid-pro-flow-20.0.7.jar;C:\Users\Nathan\.m2\repository\com\vaadin\vaadin-rich-text-editor-flow\20.0.7\vaadin-rich-text-editor-flow-20.0.7.jar;C:\Users\Nathan\.m2\repository\com\vaadin\collaboration-engine\3.1.0\collaboration-engine-3.1.0.jar;C:\Users\Nathan\.m2\repository\javax\servlet\javax.servlet-api\4.0.1\javax.servlet-api-4.0.1.jar;C:\Users\Nathan\.m2\repository\com\fasterxml\jackson\datatype\jackson-datatype-jsr310\2.11.4\jackson-datatype-jsr310-2.11.4.jar;C:\Users\Nathan\.m2\repository\com\vaadin\license-checker\1.2.1\license-checker-1.2.1.jar;C:\Users\Nathan\.m2\repository\com\github\oshi\oshi-core\5.5.0\oshi-core-5.5.0.jar;C:\Users\Nathan\.m2\repository\net\java\dev\jna\jna\5.7.0\jna-5.7.0.jar;C:\Users\Nathan\.m2\repository\net\java\dev\jna\jna-platform\5.7.0\jna-platform-5.7.0.jar;C:\Users\Nathan\.m2\repository\com\vaadin\vaadin-spring-boot-starter\20.0.7\vaadin-spring-boot-starter-20.0.7.jar;C:\Users\Nathan\.m2\repository\com\vaadin\vaadin-spring\17.0.2\vaadin-spring-17.0.2.jar;C:\Users\Nathan\.m2\repository\org\springframework\spring-webmvc\5.3.6\spring-webmvc-5.3.6.jar;C:\Users\Nathan\.m2\repository\org\springframework\spring-aop\5.3.6\spring-aop-5.3.6.jar;C:\Users\Nathan\.m2\repository\org\springframework\spring-beans\5.3.6\spring-beans-5.3.6.jar;C:\Users\Nathan\.m2\repository\org\springframework\spring-expression\5.3.6\spring-expression-5.3.6.jar;C:\Users\Nathan\.m2\repository\org\springframework\spring-websocket\5.3.6\spring-websocket-5.3.6.jar;C:\Users\Nathan\.m2\repository\org\springframework\boot\spring-boot-starter-web\2.4.5\spring-boot-starter-web-2.4.5.jar;C:\Users\Nathan\.m2\repository\org\springframework\boot\spring-boot-starter-json\2.4.5\spring-boot-starter-json-2.4.5.jar;C:\Users\Nathan\.m2\repository\com\fasterxml\jackson\datatype\jackson-datatype-jdk8\2.11.4\jackson-datatype-jdk8-2.11.4.jar;C:\Users\Nathan\.m2\repository\com\fasterxml\jackson\module\jackson-module-parameter-names\2.11.4\jackson-module-parameter-names-2.11.4.jar;C:\Users\Nathan\.m2\repository\org\springframework\boot\spring-boot-starter-tomcat\2.4.5\spring-boot-starter-tomcat-2.4.5.jar;C:\Users\Nathan\.m2\repository\org\apache\tomcat\embed\tomcat-embed-core\9.0.45\tomcat-embed-core-9.0.45.jar;C:\Users\Nathan\.m2\repository\org\apache\tomcat\embed\tomcat-embed-websocket\9.0.45\tomcat-embed-websocket-9.0.45.jar;C:\Users\Nathan\.m2\repository\org\springframework\spring-web\5.3.6\spring-web-5.3.6.jar;C:\Users\Nathan\.m2\repository\org\vaadin\artur\a-vaadin-helper\1.6.0\a-vaadin-helper-1.6.0.jar;C:\Users\Nathan\.m2\repository\org\vaadin\artur\spring-data-provider\2.1.0\spring-data-provider-2.1.0.jar;C:\Users\Nathan\.m2\repository\org\json\json\20210307\json-20210307.jar;C:\Users\Nathan\.m2\repository\org\springframework\boot\spring-boot-starter-validation\2.4.5\spring-boot-starter-validation-2.4.5.jar;C:\Users\Nathan\.m2\repository\org\springframework\boot\spring-boot-starter\2.4.5\spring-boot-starter-2.4.5.jar;C:\Users\Nathan\.m2\repository\org\springframework\boot\spring-boot-starter-logging\2.4.5\spring-boot-starter-logging-2.4.5.jar;C:\Users\Nathan\.m2\repository\ch\qos\logback\logback-classic\1.2.3\logback-classic-1.2.3.jar;C:\Users\Nathan\.m2\repository\ch\qos\logback\logback-core\1.2.3\logback-core-1.2.3.jar;C:\Users\Nathan\.m2\repository\org\apache\logging\log4j\log4j-to-slf4j\2.13.3\log4j-to-slf4j-2.13.3.jar;C:\Users\Nathan\.m2\repository\org\apache\logging\log4j\log4j-api\2.13.3\log4j-api-2.13.3.jar;C:\Users\Nathan\.m2\repository\org\slf4j\jul-to-slf4j\1.7.30\jul-to-slf4j-1.7.30.jar;C:\Users\Nathan\.m2\repository\jakarta\annotation\jakarta.annotation-api\1.3.5\jakarta.annotation-api-1.3.5.jar;C:\Users\Nathan\.m2\repository\org\yaml\snakeyaml\1.27\snakeyaml-1.27.jar;C:\Users\Nathan\.m2\repository\org\glassfish\jakarta.el\3.0.3\jakarta.el-3.0.3.jar;C:\Users\Nathan\.m2\repository\org\springframework\boot\spring-boot-devtools\2.4.5\spring-boot-devtools-2.4.5.jar;C:\Users\Nathan\.m2\repository\org\springframework\boot\spring-boot\2.4.5\spring-boot-2.4.5.jar;C:\Users\Nathan\.m2\repository\org\springframework\spring-context\5.3.6\spring-context-5.3.6.jar;C:\Users\Nathan\.m2\repository\org\springframework\boot\spring-boot-autoconfigure\2.4.5\spring-boot-autoconfigure-2.4.5.jar;C:\Users\Nathan\.m2\repository\org\springframework\boot\spring-boot-starter-test\2.4.5\spring-boot-starter-test-2.4.5.jar;C:\Users\Nathan\.m2\repository\org\springframework\boot\spring-boot-test\2.4.5\spring-boot-test-2.4.5.jar;C:\Users\Nathan\.m2\repository\org\springframework\boot\spring-boot-test-autoconfigure\2.4.5\spring-boot-test-autoconfigure-2.4.5.jar;C:\Users\Nathan\.m2\repository\com\jayway\jsonpath\json-path\2.4.0\json-path-2.4.0.jar;C:\Users\Nathan\.m2\repository\net\minidev\json-smart\2.3\json-smart-2.3.jar;C:\Users\Nathan\.m2\repository\net\minidev\accessors-smart\1.2\accessors-smart-1.2.jar;C:\Users\Nathan\.m2\repository\org\ow2\asm\asm\5.0.4\asm-5.0.4.jar;C:\Users\Nathan\.m2\repository\jakarta\xml\bind\jakarta.xml.bind-api\2.3.3\jakarta.xml.bind-api-2.3.3.jar;C:\Users\Nathan\.m2\repository\jakarta\activation\jakarta.activation-api\1.2.2\jakarta.activation-api-1.2.2.jar;C:\Users\Nathan\.m2\repository\org\assertj\assertj-core\3.18.1\assertj-core-3.18.1.jar;C:\Users\Nathan\.m2\repository\org\hamcrest\hamcrest\2.2\hamcrest-2.2.jar;C:\Users\Nathan\.m2\repository\org\junit\jupiter\junit-jupiter\5.7.1\junit-jupiter-5.7.1.jar;C:\Users\Nathan\.m2\repository\org\junit\jupiter\junit-jupiter-api\5.7.1\junit-jupiter-api-5.7.1.jar;C:\Users\Nathan\.m2\repository\org\junit\jupiter\junit-jupiter-params\5.7.1\junit-jupiter-params-5.7.1.jar;C:\Users\Nathan\.m2\repository\org\junit\jupiter\junit-jupiter-engine\5.7.1\junit-jupiter-engine-5.7.1.jar;C:\Users\Nathan\.m2\repository\org\mockito\mockito-core\3.6.28\mockito-core-3.6.28.jar;C:\Users\Nathan\.m2\repository\net\bytebuddy\byte-buddy\1.10.22\byte-buddy-1.10.22.jar;C:\Users\Nathan\.m2\repository\net\bytebuddy\byte-buddy-agent\1.10.22\byte-buddy-agent-1.10.22.jar;C:\Users\Nathan\.m2\repository\org\objenesis\objenesis\3.1\objenesis-3.1.jar;C:\Users\Nathan\.m2\repository\org\mockito\mockito-junit-jupiter\3.6.28\mockito-junit-jupiter-3.6.28.jar;C:\Users\Nathan\.m2\repository\org\skyscreamer\jsonassert\1.5.0\jsonassert-1.5.0.jar;C:\Users\Nathan\.m2\repository\com\vaadin\external\google\android-json\0.0.20131108.vaadin1\android-json-0.0.20131108.vaadin1.jar;C:\Users\Nathan\.m2\repository\org\springframework\spring-core\5.3.6\spring-core-5.3.6.jar;C:\Users\Nathan\.m2\repository\org\springframework\spring-jcl\5.3.6\spring-jcl-5.3.6.jar;C:\Users\Nathan\.m2\repository\org\springframework\spring-test\5.3.6\spring-test-5.3.6.jar;C:\Users\Nathan\.m2\repository\org\xmlunit\xmlunit-core\2.7.0\xmlunit-core-2.7.0.jar;C:\Users\Nathan\.m2\repository\com\vaadin\vaadin-testbench\20.0.7\vaadin-testbench-20.0.7.jar;C:\Users\Nathan\.m2\repository\com\vaadin\vaadin-testbench-core\7.0.1\vaadin-testbench-core-7.0.1.jar;C:\Users\Nathan\.m2\repository\commons-codec\commons-codec\1.15\commons-codec-1.15.jar;C:\Users\Nathan\.m2\repository\org\seleniumhq\selenium\selenium-remote-driver\3.141.59\selenium-remote-driver-3.141.59.jar;C:\Users\Nathan\.m2\repository\org\seleniumhq\selenium\selenium-api\3.141.59\selenium-api-3.141.59.jar;C:\Users\Nathan\.m2\repository\org\apache\commons\commons-exec\1.3\commons-exec-1.3.jar;C:\Users\Nathan\.m2\repository\com\google\guava\guava\25.0-jre\guava-25.0-jre.jar;C:\Users\Nathan\.m2\repository\com\google\code\findbugs\jsr305\1.3.9\jsr305-1.3.9.jar;C:\Users\Nathan\.m2\repository\org\checkerframework\checker-compat-qual\2.0.0\checker-compat-qual-2.0.0.jar;C:\Users\Nathan\.m2\repository\com\google\errorprone\error_prone_annotations\2.1.3\error_prone_annotations-2.1.3.jar;C:\Users\Nathan\.m2\repository\com\google\j2objc\j2objc-annotations\1.1\j2objc-annotations-1.1.jar;C:\Users\Nathan\.m2\repository\org\codehaus\mojo\animal-sniffer-annotations\1.14\animal-sniffer-annotations-1.14.jar;C:\Users\Nathan\.m2\repository\com\squareup\okhttp3\okhttp\3.14.9\okhttp-3.14.9.jar;C:\Users\Nathan\.m2\repository\com\squareup\okio\okio\1.14.0\okio-1.14.0.jar;C:\Users\Nathan\.m2\repository\org\seleniumhq\selenium\selenium-java\3.141.59\selenium-java-3.141.59.jar;C:\Users\Nathan\.m2\repository\org\seleniumhq\selenium\selenium-chrome-driver\3.141.59\selenium-chrome-driver-3.141.59.jar;C:\Users\Nathan\.m2\repository\org\seleniumhq\selenium\selenium-edge-driver\3.141.59\selenium-edge-driver-3.141.59.jar;C:\Users\Nathan\.m2\repository\org\seleniumhq\selenium\selenium-firefox-driver\3.141.59\selenium-firefox-driver-3.141.59.jar;C:\Users\Nathan\.m2\repository\org\seleniumhq\selenium\selenium-ie-driver\3.141.59\selenium-ie-driver-3.141.59.jar;C:\Users\Nathan\.m2\repository\org\seleniumhq\selenium\selenium-opera-driver\3.141.59\selenium-opera-driver-3.141.59.jar;C:\Users\Nathan\.m2\repository\org\seleniumhq\selenium\selenium-safari-driver\3.141.59\selenium-safari-driver-3.141.59.jar;C:\Users\Nathan\.m2\repository\org\seleniumhq\selenium\selenium-support\3.141.59\selenium-support-3.141.59.jar;C:\Users\Nathan\.m2\repository\org\easymock\easymock\3.1\easymock-3.1.jar;C:\Users\Nathan\.m2\repository\cglib\cglib-nodep\2.2.2\cglib-nodep-2.2.2.jar;C:\Users\Nathan\.m2\repository\org\javassist\javassist\3.27.0-GA\javassist-3.27.0-GA.jar;C:\Users\Nathan\.m2\repository\com\google\gwt\gwt-elemental\2.8.0\gwt-elemental-2.8.0.jar;C:\Users\Nathan\.m2\repository\com\vaadin\flow-html-components-testbench\7.0.7\flow-html-components-testbench-7.0.7.jar;C:\Users\Nathan\.m2\repository\com\vaadin\vaadin-accordion-testbench\20.0.7\vaadin-accordion-testbench-20.0.7.jar;C:\Users\Nathan\.m2\repository\com\vaadin\vaadin-app-layout-testbench\20.0.7\vaadin-app-layout-testbench-20.0.7.jar;C:\Users\Nathan\.m2\repository\com\vaadin\vaadin-avatar-testbench\20.0.7\vaadin-avatar-testbench-20.0.7.jar;C:\Users\Nathan\.m2\repository\com\vaadin\vaadin-board-testbench\20.0.7\vaadin-board-testbench-20.0.7.jar;C:\Users\Nathan\.m2\repository\com\vaadin\vaadin-button-testbench\20.0.7\vaadin-button-testbench-20.0.7.jar;C:\Users\Nathan\.m2\repository\com\vaadin\vaadin-charts-testbench\20.0.7\vaadin-charts-testbench-20.0.7.jar;C:\Users\Nathan\.m2\repository\com\vaadin\vaadin-checkbox-testbench\20.0.7\vaadin-checkbox-testbench-20.0.7.jar;C:\Users\Nathan\.m2\repository\com\vaadin\vaadin-combo-box-testbench\20.0.7\vaadin-combo-box-testbench-20.0.7.jar;C:\Users\Nathan\.m2\repository\com\vaadin\vaadin-confirm-dialog-testbench\20.0.7\vaadin-confirm-dialog-testbench-20.0.7.jar;C:\Users\Nathan\.m2\repository\com\vaadin\vaadin-context-menu-testbench\20.0.7\vaadin-context-menu-testbench-20.0.7.jar;C:\Users\Nathan\.m2\repository\com\vaadin\vaadin-cookie-consent-testbench\20.0.7\vaadin-cookie-consent-testbench-20.0.7.jar;C:\Users\Nathan\.m2\repository\com\vaadin\vaadin-crud-testbench\20.0.7\vaadin-crud-testbench-20.0.7.jar;C:\Users\Nathan\.m2\repository\com\vaadin\vaadin-custom-field-testbench\20.0.7\vaadin-custom-field-testbench-20.0.7.jar;C:\Users\Nathan\.m2\repository\com\vaadin\vaadin-date-picker-testbench\20.0.7\vaadin-date-picker-testbench-20.0.7.jar;C:\Users\Nathan\.m2\repository\com\vaadin\vaadin-date-time-picker-testbench\20.0.7\vaadin-date-time-picker-testbench-20.0.7.jar;C:\Users\Nathan\.m2\repository\com\vaadin\vaadin-details-testbench\20.0.7\vaadin-details-testbench-20.0.7.jar;C:\Users\Nathan\.m2\repository\com\vaadin\vaadin-dialog-testbench\20.0.7\vaadin-dialog-testbench-20.0.7.jar;C:\Users\Nathan\.m2\repository\com\vaadin\vaadin-form-layout-testbench\20.0.7\vaadin-form-layout-testbench-20.0.7.jar;C:\Users\Nathan\.m2\repository\com\vaadin\vaadin-grid-testbench\20.0.7\vaadin-grid-testbench-20.0.7.jar;C:\Users\Nathan\.m2\repository\com\vaadin\vaadin-grid-pro-testbench\20.0.7\vaadin-grid-pro-testbench-20.0.7.jar;C:\Users\Nathan\.m2\repository\com\vaadin\vaadin-icons-testbench\20.0.7\vaadin-icons-testbench-20.0.7.jar;C:\Users\Nathan\.m2\repository\com\vaadin\vaadin-iron-list-testbench\20.0.7\vaadin-iron-list-testbench-20.0.7.jar;C:\Users\Nathan\.m2\repository\com\vaadin\vaadin-list-box-testbench\20.0.7\vaadin-list-box-testbench-20.0.7.jar;C:\Users\Nathan\.m2\repository\com\vaadin\vaadin-login-testbench\20.0.7\vaadin-login-testbench-20.0.7.jar;C:\Users\Nathan\.m2\repository\com\vaadin\vaadin-menu-bar-testbench\20.0.7\vaadin-menu-bar-testbench-20.0.7.jar;C:\Users\Nathan\.m2\repository\com\vaadin\vaadin-messages-testbench\20.0.7\vaadin-messages-testbench-20.0.7.jar;C:\Users\Nathan\.m2\repository\com\vaadin\vaadin-notification-testbench\20.0.7\vaadin-notification-testbench-20.0.7.jar;C:\Users\Nathan\.m2\repository\com\vaadin\vaadin-ordered-layout-testbench\20.0.7\vaadin-ordered-layout-testbench-20.0.7.jar;C:\Users\Nathan\.m2\repository\com\vaadin\vaadin-progress-bar-testbench\20.0.7\vaadin-progress-bar-testbench-20.0.7.jar;C:\Users\Nathan\.m2\repository\com\vaadin\vaadin-radio-button-testbench\20.0.7\vaadin-radio-button-testbench-20.0.7.jar;C:\Users\Nathan\.m2\repository\com\vaadin\vaadin-rich-text-editor-testbench\20.0.7\vaadin-rich-text-editor-testbench-20.0.7.jar;C:\Users\Nathan\.m2\repository\com\vaadin\vaadin-select-testbench\20.0.7\vaadin-select-testbench-20.0.7.jar;C:\Users\Nathan\.m2\repository\com\vaadin\vaadin-split-layout-testbench\20.0.7\vaadin-split-layout-testbench-20.0.7.jar;C:\Users\Nathan\.m2\repository\com\vaadin\vaadin-tabs-testbench\20.0.7\vaadin-tabs-testbench-20.0.7.jar;C:\Users\Nathan\.m2\repository\com\vaadin\vaadin-text-field-testbench\20.0.7\vaadin-text-field-testbench-20.0.7.jar;C:\Users\Nathan\.m2\repository\com\vaadin\vaadin-time-picker-testbench\20.0.7\vaadin-time-picker-testbench-20.0.7.jar;C:\Users\Nathan\.m2\repository\com\vaadin\vaadin-upload-testbench\20.0.7\vaadin-upload-testbench-20.0.7.jar;C:\Users\Nathan\.m2\repository\org\junit\vintage\junit-vintage-engine\5.7.1\junit-vintage-engine-5.7.1.jar;C:\Users\Nathan\.m2\repository\org\apiguardian\apiguardian-api\1.1.0\apiguardian-api-1.1.0.jar;C:\Users\Nathan\.m2\repository\org\junit\platform\junit-platform-engine\1.7.1\junit-platform-engine-1.7.1.jar;C:\Users\Nathan\.m2\repository\org\opentest4j\opentest4j\1.2.0\opentest4j-1.2.0.jar;C:\Users\Nathan\.m2\repository\org\junit\platform\junit-platform-commons\1.7.1\junit-platform-commons-1.7.1.jar;C:\Users\Nathan\.m2\repository\junit\junit\4.13.2\junit-4.13.2.jar;C:\Users\Nathan\.m2\repository\io\github\bonigarcia\webdrivermanager\3.8.1\webdrivermanager-3.8.1.jar;C:\Users\Nathan\.m2\repository\org\slf4j\slf4j-api\1.7.30\slf4j-api-1.7.30.jar;C:\Users\Nathan\.m2\repository\commons-io\commons-io\2.6\commons-io-2.6.jar;C:\Users\Nathan\.m2\repository\com\google\code\gson\gson\2.8.6\gson-2.8.6.jar;C:\Users\Nathan\.m2\repository\org\apache\commons\commons-lang3\3.11\commons-lang3-3.11.jar;C:\Users\Nathan\.m2\repository\org\apache\httpcomponents\httpclient\4.5.13\httpclient-4.5.13.jar;C:\Users\Nathan\.m2\repository\org\apache\httpcomponents\httpcore\4.4.14\httpcore-4.4.14.jar;C:\Users\Nathan\.m2\repository\org\rauschig\jarchivelib\1.0.0\jarchivelib-1.0.0.jar;C:\Users\Nathan\.m2\repository\org\apache\commons\commons-compress\1.18\commons-compress-1.18.jar;C:\Users\Nathan\.m2\repository\org\jsoup\jsoup\1.11.3\jsoup-1.11.3.jar;C:\Users\Nathan\.m2\repository\org\hibernate\validator\hibernate-validator\7.0.1.Final\hibernate-validator-7.0.1.Final.jar;C:\Users\Nathan\.m2\repository\jakarta\validation\jakarta.validation-api\2.0.2\jakarta.validation-api-2.0.2.jar;C:\Users\Nathan\.m2\repository\org\jboss\logging\jboss-logging\3.4.1.Final\jboss-logging-3.4.1.Final.jar;C:\Users\Nathan\.m2\repository\com\fasterxml\classmate\1.5.1\classmate-1.5.1.jar;"/>
    <property name="sun.cpu.endian" value="little"/>
    <property name="user.home" value="C:\Users\Nathan"/>
    <property name="user.language" value="en"/>
    <property name="java.specification.vendor" value="Oracle Corporation"/>
    <property name="java.version.date" value="2021-04-20"/>
    <property name="java.home" value="C:\Program Files\Java\jdk-16.0.1"/>
    <property name="file.separator" value="\"/>
    <property name="basedir" value="C:\Users\Nathan\Documents\X4 Map Generator\RandomGalaxyTool"/>
    <property name="java.vm.compressedOopsMode" value="Zero based"/>
    <property name="line.separator" value="&#10;"/>
    <property name="java.vm.specification.vendor" value="Oracle Corporation"/>
    <property name="java.specification.name" value="Java Platform API Specification"/>
    <property name="surefire.real.class.path" value="C:\Users\Nathan\AppData\Local\Temp\surefire11453363429126629917\surefirebooter13460014121987638049.jar"/>
    <property name="user.script" value=""/>
    <property name="sun.management.compiler" value="HotSpot 64-Bit Tiered Compilers"/>
    <property name="java.runtime.version" value="16.0.1+9-24"/>
    <property name="user.name" value="Nathan"/>
    <property name="path.separator" value=";"/>
    <property name="os.version" value="10.0"/>
    <property name="java.runtime.name" value="Java(TM) SE Runtime Environment"/>
    <property name="file.encoding" value="Cp1252"/>
    <property name="java.vm.name" value="Java HotSpot(TM) 64-Bit Server VM"/>
    <property name="localRepository" value="C:\Users\Nathan\.m2\repository"/>
    <property name="java.vendor.url.bug" value="https://bugreport.java.com/bugreport/"/>
    <property name="java.io.tmpdir" value="C:\Users\Nathan\AppData\Local\Temp\"/>
    <property name="java.version" value="16.0.1"/>
    <property name="user.dir" value="C:\Users\Nathan\Documents\X4 Map Generator\RandomGalaxyTool"/>
    <property name="os.arch" value="amd64"/>
    <property name="java.vm.specification.name" value="Java Virtual Machine Specification"/>
    <property name="sun.os.patch.level" value=""/>
    <property name="java.library.path" value="C:\Program Files\Java\jdk-16.0.1\bin;C:\Windows\Sun\Java\bin;C:\Windows\system32;C:\Windows;C:\Program Files\AdoptOpenJDK\jdk-11.0.11.9-hotspot\bin;C:\Program Files\AdoptOpenJDK\jdk-15.0.2.7-hotspot\bin;C:\Program Files\Common Files\Oracle\Java\javapath;C:\Program Files\Python39\Scripts\;C:\Program Files\Python39\;C:\Windows\system32;C:\Windows;C:\Windows\System32\Wbem;C:\Windows\System32\WindowsPowerShell\v1.0\;C:\Windows\System32\OpenSSH\;C:\Program Files\dotnet\;C:\Program Files\PuTTY\;C:\Users\Nathan\miniconda3\condabin;C:\Program Files (x86)\Microsoft SQL Server\150\DTS\Binn\;C:\Program Files\Azure Data Studio\bin;C:\Program Files\Microsoft\Web Platform Installer\;C:\Program Files\Microsoft SQL Server\130\Tools\Binn\;C:\Program Files\Microsoft SQL Server\Client SDK\ODBC\170\Tools\Binn\;C:\Program Files\Microsoft OLE DB Provider for DB2\System\;C:\Program Files\Git\cmd;C:\Program Files\apache-maven-3.8.1\bin;C:\Program Files\nodejs\;C:\Program Files (x86)\Calibre2\;&quot;C:\Users\Nathan\AppData\Local\Microsoft\WindowsApps;&quot;;&quot;C:\Users\Nathan\.dotnet\tools;&quot;;&quot;C:\Users\Nathan\miniconda3\condabin;&quot;;C:\Program Files\Azure Data Studio\bin;C:\Users\Nathan\.dotnet\tools;C:\Program Files\Common Files\Oracle\Java\javapath;;C:\Users\Nathan\AppData\Local\Programs\Microsoft VS Code\bin;C:\Users\Nathan\AppData\Roaming\npm;C:\Program Files\heroku\bin;."/>
    <property name="java.vm.info" value="mixed mode, sharing"/>
    <property name="java.vendor" value="Oracle Corporation"/>
    <property name="java.vm.version" value="16.0.1+9-24"/>
    <property name="sun.io.unicode.encoding" value="UnicodeLittle"/>
    <property name="java.class.version" value="60.0"/>
  </properties>
  <testcase name="Equals_WithDifferingCoords_ReturnsFalse" classname="model.OddQHexCoordTests" time="0"/>
  <testcase name="Equals_WIthIdenticalCoords_ReturnsTrue" classname="model.OddQHexCoordTests" time="0"/>
</testsuite>